<?xml version="1.0" encoding="UTF-8"?>
<!-- Generated by org.testng.reporters.JUnitXMLReporter -->
<testsuite ignored="0" hostname="siddhilaxman" failures="0" tests="35" name="Test" time="253.308" errors="0" timestamp="2023-12-09T19:50:39 IST">
  <testcase classname="testCases.Cart_page_TestCase" name="LoginToYourCartTest" time="1.185"/>
  <testcase classname="testCases.Cart_page_TestCase" name="verifyQtyLabelTest" time="0.082"/>
  <testcase classname="testCases.Cart_page_TestCase" name="verifyYourCartLabelTest" time="0.073"/>
  <testcase classname="testCases.Cart_page_TestCase" name="verifyappLogoTextTest" time="0.075"/>
  <testcase classname="testCases.Cart_page_TestCase" name="verifycheckoutBtnTest" time="0.128"/>
  <testcase classname="testCases.Cart_page_TestCase" name="verifycontinueShoppingBtnTest" time="0.134"/>
  <testcase classname="testCases.Cart_page_TestCase" name="verifydescLabelTest" time="0.066"/>
  <testcase classname="testCases.Cart_page_TestCase" name="verifyremove3productsTest" time="0.275"/>
  <testcase classname="testCases.Complete_Page_test" name="clickOnbackBtnTest" time="0.094"/>
  <testcase classname="testCases.Complete_Page_test" name="compLabelTest" time="0.046"/>
  <testcase classname="testCases.Complete_Page_test" name="imgTest" time="0.056"/>
  <testcase classname="testCases.Complete_Page_test" name="thankLabelTest" time="0.04"/>
  <testcase classname="testCases.LoginPage_TestCase" name="verifyTitileOfApplicationTest" time="0.042"/>
  <testcase classname="testCases.LoginPage_TestCase" name="loginToApplicationTest" time="0.465"/>
  <testcase classname="testCases.LoginPage_TestCase" name="verifyURLOfApplication" time="0.04"/>
  <testcase classname="testCases.Checkout_Page_Test" name="InputInforationTest" time="0.417"/>
  <testcase classname="testCases.Checkout_Page_Test" name="verifyTitleofApplicationTest" time="0.033"/>
  <testcase classname="testCases.Checkout_Page_Test" name="verifyURLOfCheckoutPageTest" time="0.009"/>
  <testcase classname="testCases.CheckOut_Page2_Test" name="cancelBtnTest" time="0.095"/>
  <testcase classname="testCases.CheckOut_Page2_Test" name="clickOnfinishBtn" time="0.088"/>
  <testcase classname="testCases.CheckOut_Page2_Test" name="descLabelTest" time="0.034"/>
  <testcase classname="testCases.CheckOut_Page2_Test" name="paymentLabelTest" time="0.032"/>
  <testcase classname="testCases.CheckOut_Page2_Test" name="priceLabel" time="0.033"/>
  <testcase classname="testCases.CheckOut_Page2_Test" name="shippingLabel" time="0.033"/>
  <testcase classname="testCases.CheckOut_Page2_Test" name="verifyqtyLabelTest" time="0.036"/>
  <testcase classname="testCases.CheckOut_Page2_Test" name="verifytitleOfCheckoutpage2Test" time="0.033"/>
  <testcase classname="testCases.Inventory_page_2_testcase" name="FooterTest" time="0.045"/>
  <testcase classname="testCases.Inventory_page_2_testcase" name="LoginToYourCartTest" time="0.121"/>
  <testcase classname="testCases.Inventory_page_2_testcase" name="appLogoTest" time="0.049"/>
  <testcase classname="testCases.Inventory_page_2_testcase" name="verifyfacebookLogo" time="0.054"/>
  <testcase classname="testCases.Inventory_page_2_testcase" name="verifylinkedinLogoTest" time="0.052"/>
  <testcase classname="testCases.Inventory_page_2_testcase" name="verifytwitterLogoTest" time="0.052"/>
  <testcase classname="testCases.Inventory_page_2_testcase" name="add6ProductsTest" time="0.686"/>
  <testcase classname="testCases.Inventory_page_2_testcase" name="remove2PproductsTest" time="2.828"/>
  <testcase classname="testCases.Inventory_page_2_testcase" name="verifyproductsLabelTest" time="0.066"/>
</testsuite> <!-- Test -->
