<html>
<head>
<title>TestNG:  Test2</title>
<link href="../testng.css" rel="stylesheet" type="text/css" />
<link href="../my-testng.css" rel="stylesheet" type="text/css" />

<style type="text/css">
.log { display: none;} 
.stack-trace { display: none;} 
</style>
<script type="text/javascript">
<!--
function flip(e) {
  current = e.style.display;
  if (current == 'block') {
    e.style.display = 'none';
    return 0;
  }
  else {
    e.style.display = 'block';
    return 1;
  }
}

function toggleBox(szDivId, elem, msg1, msg2)
{
  var res = -1;  if (document.getElementById) {
    res = flip(document.getElementById(szDivId));
  }
  else if (document.all) {
    // this is the way old msie versions work
    res = flip(document.all[szDivId]);
  }
  if(elem) {
    if(res == 0) elem.innerHTML = msg1; else elem.innerHTML = msg2;
  }

}

function toggleAllBoxes() {
  if (document.getElementsByTagName) {
    d = document.getElementsByTagName('div');
    for (i = 0; i < d.length; i++) {
      if (d[i].className == 'log') {
        flip(d[i]);
      }
    }
  }
}

// -->
</script>

</head>
<body>
<h2 align='center'>Test2</h2><table border='1' align="center">
<tr>
<td>Tests passed/Failed/Skipped:</td><td>18/3/0</td>
</tr><tr>
<td>Started on:</td><td>Tue Dec 05 18:32:39 IST 2023</td>
</tr>
<tr><td>Total time:</td><td>146 seconds (146060 ms)</td>
</tr><tr>
<td>Included groups:</td><td></td>
</tr><tr>
<td>Excluded groups:</td><td></td>
</tr>
</table><p/>
<small><i>(Hover the method name to see the test class name)</i></small><p/>
<table width='100%' border='1' class='invocation-failed'>
<tr><td colspan='4' align='center'><b>FAILED TESTS</b></td></tr>
<tr><td><b>Test method</b></td>
<td><b>Attribute(s)</b></td>
<td width="30%"><b>Exception</b></td>
<td width="10%"><b>Time (seconds)</b></td>
<td><b>Instance</b></td>
</tr>
<tr>
<td title='testCases.LoginPage_TestCase.verifyURLOfApplication()'><b>verifyURLOfApplication</b><br>Test class: testCases.LoginPage_TestCase</td>
<td><div><pre>java.lang.AssertionError: expected [https://www.saucedemo.com/] but found [Swag Labs]
	at testCases.LoginPage_TestCase.verifyURLOfApplication(LoginPage_TestCase.java:38)
	at java.base/java.util.ArrayList.forEach(ArrayList.java:1511)
... Removed 33 stack frames</pre></div><a href='#' onClick='toggleBox("stack-trace698133256", this, "Click to show all stack frames", "Click to hide stack frames")'>Click to show all stack frames</a>
<div class='stack-trace' id='stack-trace698133256'><pre>java.lang.AssertionError: expected [https://www.saucedemo.com/] but found [Swag Labs]
	at org.testng.Assert.fail(Assert.java:110)
	at org.testng.Assert.failNotEquals(Assert.java:1577)
	at org.testng.Assert.assertEqualsImpl(Assert.java:149)
	at org.testng.Assert.assertEquals(Assert.java:131)
	at org.testng.Assert.assertEquals(Assert.java:655)
	at org.testng.Assert.assertEquals(Assert.java:665)
	at testCases.LoginPage_TestCase.verifyURLOfApplication(LoginPage_TestCase.java:38)
	at java.base/jdk.internal.reflect.NativeMethodAccessorImpl.invoke0(Native Method)
	at java.base/jdk.internal.reflect.NativeMethodAccessorImpl.invoke(NativeMethodAccessorImpl.java:77)
	at java.base/jdk.internal.reflect.DelegatingMethodAccessorImpl.invoke(DelegatingMethodAccessorImpl.java:43)
	at java.base/java.lang.reflect.Method.invoke(Method.java:568)
	at org.testng.internal.invokers.MethodInvocationHelper.invokeMethod(MethodInvocationHelper.java:139)
	at org.testng.internal.invokers.TestInvoker.invokeMethod(TestInvoker.java:677)
	at org.testng.internal.invokers.TestInvoker.invokeTestMethod(TestInvoker.java:221)
	at org.testng.internal.invokers.MethodRunner.runInSequence(MethodRunner.java:50)
	at org.testng.internal.invokers.TestInvoker$MethodInvocationAgent.invoke(TestInvoker.java:969)
	at org.testng.internal.invokers.TestInvoker.invokeTestMethods(TestInvoker.java:194)
	at org.testng.internal.invokers.TestMethodWorker.invokeTestMethods(TestMethodWorker.java:148)
	at org.testng.internal.invokers.TestMethodWorker.run(TestMethodWorker.java:128)
	at java.base/java.util.ArrayList.forEach(ArrayList.java:1511)
	at org.testng.TestRunner.privateRun(TestRunner.java:829)
	at org.testng.TestRunner.run(TestRunner.java:602)
	at org.testng.SuiteRunner.runTest(SuiteRunner.java:437)
	at org.testng.SuiteRunner.runSequentially(SuiteRunner.java:431)
	at org.testng.SuiteRunner.privateRun(SuiteRunner.java:391)
	at org.testng.SuiteRunner.run(SuiteRunner.java:330)
	at org.testng.SuiteRunnerWorker.runSuite(SuiteRunnerWorker.java:52)
	at org.testng.SuiteRunnerWorker.run(SuiteRunnerWorker.java:95)
	at org.testng.TestNG.runSuitesSequentially(TestNG.java:1256)
	at org.testng.TestNG.runSuitesLocally(TestNG.java:1176)
	at org.testng.TestNG.runSuites(TestNG.java:1099)
	at org.testng.TestNG.run(TestNG.java:1067)
	at org.testng.remote.AbstractRemoteTestNG.run(AbstractRemoteTestNG.java:115)
	at org.testng.remote.RemoteTestNG.initAndRun(RemoteTestNG.java:251)
	at org.testng.remote.RemoteTestNG.main(RemoteTestNG.java:77)
</pre></div></td>
<td>0</td>
<td>testCases.LoginPage_TestCase@496bc455</td></tr>
<tr>
<td title='testCases.Cart_page_TestCase.LoginToYourCartTest()'><b>LoginToYourCartTest</b><br>Test class: testCases.Cart_page_TestCase</td>
<td><div><pre>java.lang.AssertionError: expected [https://www.saucedemo.com/cart.html] but found [secret_sauce]
	at testCases.Cart_page_TestCase.LoginToYourCartTest(Cart_page_TestCase.java:87)
	at java.base/java.util.ArrayList.forEach(ArrayList.java:1511)
... Removed 33 stack frames</pre></div><a href='#' onClick='toggleBox("stack-trace22690626", this, "Click to show all stack frames", "Click to hide stack frames")'>Click to show all stack frames</a>
<div class='stack-trace' id='stack-trace22690626'><pre>java.lang.AssertionError: expected [https://www.saucedemo.com/cart.html] but found [secret_sauce]
	at org.testng.Assert.fail(Assert.java:110)
	at org.testng.Assert.failNotEquals(Assert.java:1577)
	at org.testng.Assert.assertEqualsImpl(Assert.java:149)
	at org.testng.Assert.assertEquals(Assert.java:131)
	at org.testng.Assert.assertEquals(Assert.java:655)
	at org.testng.Assert.assertEquals(Assert.java:665)
	at testCases.Cart_page_TestCase.LoginToYourCartTest(Cart_page_TestCase.java:87)
	at java.base/jdk.internal.reflect.NativeMethodAccessorImpl.invoke0(Native Method)
	at java.base/jdk.internal.reflect.NativeMethodAccessorImpl.invoke(NativeMethodAccessorImpl.java:77)
	at java.base/jdk.internal.reflect.DelegatingMethodAccessorImpl.invoke(DelegatingMethodAccessorImpl.java:43)
	at java.base/java.lang.reflect.Method.invoke(Method.java:568)
	at org.testng.internal.invokers.MethodInvocationHelper.invokeMethod(MethodInvocationHelper.java:139)
	at org.testng.internal.invokers.TestInvoker.invokeMethod(TestInvoker.java:677)
	at org.testng.internal.invokers.TestInvoker.invokeTestMethod(TestInvoker.java:221)
	at org.testng.internal.invokers.MethodRunner.runInSequence(MethodRunner.java:50)
	at org.testng.internal.invokers.TestInvoker$MethodInvocationAgent.invoke(TestInvoker.java:969)
	at org.testng.internal.invokers.TestInvoker.invokeTestMethods(TestInvoker.java:194)
	at org.testng.internal.invokers.TestMethodWorker.invokeTestMethods(TestMethodWorker.java:148)
	at org.testng.internal.invokers.TestMethodWorker.run(TestMethodWorker.java:128)
	at java.base/java.util.ArrayList.forEach(ArrayList.java:1511)
	at org.testng.TestRunner.privateRun(TestRunner.java:829)
	at org.testng.TestRunner.run(TestRunner.java:602)
	at org.testng.SuiteRunner.runTest(SuiteRunner.java:437)
	at org.testng.SuiteRunner.runSequentially(SuiteRunner.java:431)
	at org.testng.SuiteRunner.privateRun(SuiteRunner.java:391)
	at org.testng.SuiteRunner.run(SuiteRunner.java:330)
	at org.testng.SuiteRunnerWorker.runSuite(SuiteRunnerWorker.java:52)
	at org.testng.SuiteRunnerWorker.run(SuiteRunnerWorker.java:95)
	at org.testng.TestNG.runSuitesSequentially(TestNG.java:1256)
	at org.testng.TestNG.runSuitesLocally(TestNG.java:1176)
	at org.testng.TestNG.runSuites(TestNG.java:1099)
	at org.testng.TestNG.run(TestNG.java:1067)
	at org.testng.remote.AbstractRemoteTestNG.run(AbstractRemoteTestNG.java:115)
	at org.testng.remote.RemoteTestNG.initAndRun(RemoteTestNG.java:251)
	at org.testng.remote.RemoteTestNG.main(RemoteTestNG.java:77)
</pre></div></td>
<td>1</td>
<td>testCases.Cart_page_TestCase@1349883</td></tr>
<tr>
<td title='testCases.Inventory_page_2_testcase.add6ProductsTest()'><b>add6ProductsTest</b><br>Test class: testCases.Inventory_page_2_testcase</td>
<td><div><pre>java.lang.AssertionError: expected [6] but found [Products]
	at testCases.Inventory_page_2_testcase.add6ProductsTest(Inventory_page_2_testcase.java:79)
	at java.base/java.util.ArrayList.forEach(ArrayList.java:1511)
... Removed 33 stack frames</pre></div><a href='#' onClick='toggleBox("stack-trace1428992213", this, "Click to show all stack frames", "Click to hide stack frames")'>Click to show all stack frames</a>
<div class='stack-trace' id='stack-trace1428992213'><pre>java.lang.AssertionError: expected [6] but found [Products]
	at org.testng.Assert.fail(Assert.java:110)
	at org.testng.Assert.failNotEquals(Assert.java:1577)
	at org.testng.Assert.assertEqualsImpl(Assert.java:149)
	at org.testng.Assert.assertEquals(Assert.java:131)
	at org.testng.Assert.assertEquals(Assert.java:655)
	at org.testng.Assert.assertEquals(Assert.java:665)
	at testCases.Inventory_page_2_testcase.add6ProductsTest(Inventory_page_2_testcase.java:79)
	at java.base/jdk.internal.reflect.NativeMethodAccessorImpl.invoke0(Native Method)
	at java.base/jdk.internal.reflect.NativeMethodAccessorImpl.invoke(NativeMethodAccessorImpl.java:77)
	at java.base/jdk.internal.reflect.DelegatingMethodAccessorImpl.invoke(DelegatingMethodAccessorImpl.java:43)
	at java.base/java.lang.reflect.Method.invoke(Method.java:568)
	at org.testng.internal.invokers.MethodInvocationHelper.invokeMethod(MethodInvocationHelper.java:139)
	at org.testng.internal.invokers.TestInvoker.invokeMethod(TestInvoker.java:677)
	at org.testng.internal.invokers.TestInvoker.invokeTestMethod(TestInvoker.java:221)
	at org.testng.internal.invokers.MethodRunner.runInSequence(MethodRunner.java:50)
	at org.testng.internal.invokers.TestInvoker$MethodInvocationAgent.invoke(TestInvoker.java:969)
	at org.testng.internal.invokers.TestInvoker.invokeTestMethods(TestInvoker.java:194)
	at org.testng.internal.invokers.TestMethodWorker.invokeTestMethods(TestMethodWorker.java:148)
	at org.testng.internal.invokers.TestMethodWorker.run(TestMethodWorker.java:128)
	at java.base/java.util.ArrayList.forEach(ArrayList.java:1511)
	at org.testng.TestRunner.privateRun(TestRunner.java:829)
	at org.testng.TestRunner.run(TestRunner.java:602)
	at org.testng.SuiteRunner.runTest(SuiteRunner.java:437)
	at org.testng.SuiteRunner.runSequentially(SuiteRunner.java:431)
	at org.testng.SuiteRunner.privateRun(SuiteRunner.java:391)
	at org.testng.SuiteRunner.run(SuiteRunner.java:330)
	at org.testng.SuiteRunnerWorker.runSuite(SuiteRunnerWorker.java:52)
	at org.testng.SuiteRunnerWorker.run(SuiteRunnerWorker.java:95)
	at org.testng.TestNG.runSuitesSequentially(TestNG.java:1256)
	at org.testng.TestNG.runSuitesLocally(TestNG.java:1176)
	at org.testng.TestNG.runSuites(TestNG.java:1099)
	at org.testng.TestNG.run(TestNG.java:1067)
	at org.testng.remote.AbstractRemoteTestNG.run(AbstractRemoteTestNG.java:115)
	at org.testng.remote.RemoteTestNG.initAndRun(RemoteTestNG.java:251)
	at org.testng.remote.RemoteTestNG.main(RemoteTestNG.java:77)
</pre></div></td>
<td>0</td>
<td>testCases.Inventory_page_2_testcase@59402b8f</td></tr>
</table><p>
<table width='100%' border='1' class='invocation-passed'>
<tr><td colspan='4' align='center'><b>PASSED TESTS</b></td></tr>
<tr><td><b>Test method</b></td>
<td><b>Attribute(s)</b></td>
<td width="30%"><b>Exception</b></td>
<td width="10%"><b>Time (seconds)</b></td>
<td><b>Instance</b></td>
</tr>
<tr>
<td title='testCases.Cart_page_TestCase.verifyYourCartLabelTest()'><b>verifyYourCartLabelTest</b><br>Test class: testCases.Cart_page_TestCase<br/>
<a href="#Output-145833361" onClick='toggleBox("Output-145833361", this, "Show output", "Hide output");'>Show output</a>

<a href="#Output-145833361" onClick="toggleAllBoxes();">Show all outputs</a>
<div class='log' id="Output-145833361">
Label of cart = Your Cart<br/>
</div>
</td>
<td></td>
<td>0</td>
<td>testCases.Cart_page_TestCase@1349883</td></tr>
<tr>
<td title='testCases.Inventory_page_2_testcase.remove2PproductsTest()'><b>remove2PproductsTest</b><br>Test class: testCases.Inventory_page_2_testcase<br/>
<a href="#Output-239841547" onClick='toggleBox("Output-239841547", this, "Show output", "Hide output");'>Show output</a>

<a href="#Output-239841547" onClick="toggleAllBoxes();">Show all outputs</a>
<div class='log' id="Output-239841547">
Count of producta after removing = 4<br/>
</div>
</td>
<td></td>
<td>2</td>
<td>testCases.Inventory_page_2_testcase@59402b8f</td></tr>
<tr>
<td title='testCases.Cart_page_TestCase.verifyappLogoTextTest()'><b>verifyappLogoTextTest</b><br>Test class: testCases.Cart_page_TestCase<br/>
<a href="#Output-640113478" onClick='toggleBox("Output-640113478", this, "Show output", "Hide output");'>Show output</a>

<a href="#Output-640113478" onClick="toggleAllBoxes();">Show all outputs</a>
<div class='log' id="Output-640113478">
Label of application logo = Swag Labs<br/>
</div>
</td>
<td></td>
<td>0</td>
<td>testCases.Cart_page_TestCase@1349883</td></tr>
<tr>
<td title='testCases.Inventory_page_2_testcase.verifylinkedinLogoTest()'><b>verifylinkedinLogoTest</b><br>Test class: testCases.Inventory_page_2_testcase<br/>
<a href="#Output-1706773689" onClick='toggleBox("Output-1706773689", this, "Show output", "Hide output");'>Show output</a>

<a href="#Output-1706773689" onClick="toggleAllBoxes();">Show all outputs</a>
<div class='log' id="Output-1706773689">
Visibility of Lindked In Logo true<br/>
</div>
</td>
<td></td>
<td>0</td>
<td>testCases.Inventory_page_2_testcase@59402b8f</td></tr>
<tr>
<td title='testCases.Cart_page_TestCase.verifycheckoutBtnTest()'><b>verifycheckoutBtnTest</b><br>Test class: testCases.Cart_page_TestCase<br/>
<a href="#Output-1974284481" onClick='toggleBox("Output-1974284481", this, "Show output", "Hide output");'>Show output</a>

<a href="#Output-1974284481" onClick="toggleAllBoxes();">Show all outputs</a>
<div class='log' id="Output-1974284481">
After clicking on checkour button = https://www.saucedemo.com/checkout-step-one.html<br/>
</div>
</td>
<td></td>
<td>0</td>
<td>testCases.Cart_page_TestCase@1349883</td></tr>
<tr>
<td title='testCases.Inventory_page_2_testcase.verifyCartLogoTest()'><b>verifyCartLogoTest</b><br>Test class: testCases.Inventory_page_2_testcase<br/>
<a href="#Output-53672476" onClick='toggleBox("Output-53672476", this, "Show output", "Hide output");'>Show output</a>

<a href="#Output-53672476" onClick="toggleAllBoxes();">Show all outputs</a>
<div class='log' id="Output-53672476">
Add To Cart logo displayed = true<br/>
</div>
</td>
<td></td>
<td>0</td>
<td>testCases.Inventory_page_2_testcase@59402b8f</td></tr>
<tr>
<td title='testCases.Cart_page_TestCase.verifydescLabelTest()'><b>verifydescLabelTest</b><br>Test class: testCases.Cart_page_TestCase<br/>
<a href="#Output-313151899" onClick='toggleBox("Output-313151899", this, "Show output", "Hide output");'>Show output</a>

<a href="#Output-313151899" onClick="toggleAllBoxes();">Show all outputs</a>
<div class='log' id="Output-313151899">
Labe of description = Description<br/>
</div>
</td>
<td></td>
<td>0</td>
<td>testCases.Cart_page_TestCase@1349883</td></tr>
<tr>
<td title='testCases.Cart_page_TestCase.verifyremove3productsTest()'><b>verifyremove3productsTest</b><br>Test class: testCases.Cart_page_TestCase<br/>
<a href="#Output-601849773" onClick='toggleBox("Output-601849773", this, "Show output", "Hide output");'>Show output</a>

<a href="#Output-601849773" onClick="toggleAllBoxes();">Show all outputs</a>
<div class='log' id="Output-601849773">
Counts after removing products =3<br/>
</div>
</td>
<td></td>
<td>0</td>
<td>testCases.Cart_page_TestCase@1349883</td></tr>
<tr>
<td title='testCases.Inventory_page_2_testcase.verifyproductsLabelTest()'><b>verifyproductsLabelTest</b><br>Test class: testCases.Inventory_page_2_testcase<br/>
<a href="#Output-1651715047" onClick='toggleBox("Output-1651715047", this, "Show output", "Hide output");'>Show output</a>

<a href="#Output-1651715047" onClick="toggleAllBoxes();">Show all outputs</a>
<div class='log' id="Output-1651715047">
Label of Inventory Page = Products<br/>
</div>
</td>
<td></td>
<td>0</td>
<td>testCases.Inventory_page_2_testcase@59402b8f</td></tr>
<tr>
<td title='testCases.Inventory_page_2_testcase.verifyfacebookLogo()'><b>verifyfacebookLogo</b><br>Test class: testCases.Inventory_page_2_testcase<br/>
<a href="#Output-1275854494" onClick='toggleBox("Output-1275854494", this, "Show output", "Hide output");'>Show output</a>

<a href="#Output-1275854494" onClick="toggleAllBoxes();">Show all outputs</a>
<div class='log' id="Output-1275854494">
Visibility of Facebook Logo = true<br/>
</div>
</td>
<td></td>
<td>0</td>
<td>testCases.Inventory_page_2_testcase@59402b8f</td></tr>
<tr>
<td title='testCases.Cart_page_TestCase.verifycontinueShoppingBtnTest()'><b>verifycontinueShoppingBtnTest</b><br>Test class: testCases.Cart_page_TestCase<br/>
<a href="#Output-249736858" onClick='toggleBox("Output-249736858", this, "Show output", "Hide output");'>Show output</a>

<a href="#Output-249736858" onClick="toggleAllBoxes();">Show all outputs</a>
<div class='log' id="Output-249736858">
After clicking on continue shopping button = https://www.saucedemo.com/inventory.html<br/>
</div>
</td>
<td></td>
<td>0</td>
<td>testCases.Cart_page_TestCase@1349883</td></tr>
<tr>
<td title='testCases.LoginPage_TestCase.loginToApplicationTest()'><b>loginToApplicationTest</b><br>Test class: testCases.LoginPage_TestCase</td>
<td></td>
<td>0</td>
<td>testCases.LoginPage_TestCase@496bc455</td></tr>
<tr>
<td title='testCases.Inventory_page_2_testcase.FooterTest()'><b>FooterTest</b><br>Test class: testCases.Inventory_page_2_testcase<br/>
<a href="#Output-1745328286" onClick='toggleBox("Output-1745328286", this, "Show output", "Hide output");'>Show output</a>

<a href="#Output-1745328286" onClick="toggleAllBoxes();">Show all outputs</a>
<div class='log' id="Output-1745328286">
Visibility of Footer = Â© 2023 Sauce Labs. All Rights Reserved. Terms of Service | Privacy Policy<br/>
</div>
</td>
<td></td>
<td>0</td>
<td>testCases.Inventory_page_2_testcase@59402b8f</td></tr>
<tr>
<td title='testCases.Inventory_page_2_testcase.appLogoTest()'><b>appLogoTest</b><br>Test class: testCases.Inventory_page_2_testcase<br/>
<a href="#Output-2013958608" onClick='toggleBox("Output-2013958608", this, "Show output", "Hide output");'>Show output</a>

<a href="#Output-2013958608" onClick="toggleAllBoxes();">Show all outputs</a>
<div class='log' id="Output-2013958608">
Tile of application = Swag Labs<br/>
</div>
</td>
<td></td>
<td>0</td>
<td>testCases.Inventory_page_2_testcase@59402b8f</td></tr>
<tr>
<td title='testCases.LoginPage_TestCase.verifyTitileOfApplicationTest()'><b>verifyTitileOfApplicationTest</b><br>Test class: testCases.LoginPage_TestCase</td>
<td></td>
<td>0</td>
<td>testCases.LoginPage_TestCase@496bc455</td></tr>
<tr>
<td title='testCases.Inventory_page_2_testcase.LoginToYourCartTest()'><b>LoginToYourCartTest</b><br>Test class: testCases.Inventory_page_2_testcase</td>
<td></td>
<td>0</td>
<td>testCases.Inventory_page_2_testcase@59402b8f</td></tr>
<tr>
<td title='testCases.Cart_page_TestCase.verifyQtyLabelTest()'><b>verifyQtyLabelTest</b><br>Test class: testCases.Cart_page_TestCase<br/>
<a href="#Output-1801694172" onClick='toggleBox("Output-1801694172", this, "Show output", "Hide output");'>Show output</a>

<a href="#Output-1801694172" onClick="toggleAllBoxes();">Show all outputs</a>
<div class='log' id="Output-1801694172">
Label of quantity = QTY<br/>
</div>
</td>
<td></td>
<td>0</td>
<td>testCases.Cart_page_TestCase@1349883</td></tr>
<tr>
<td title='testCases.Inventory_page_2_testcase.verifytwitterLogoTest()'><b>verifytwitterLogoTest</b><br>Test class: testCases.Inventory_page_2_testcase<br/>
<a href="#Output-508186325" onClick='toggleBox("Output-508186325", this, "Show output", "Hide output");'>Show output</a>

<a href="#Output-508186325" onClick="toggleAllBoxes();">Show all outputs</a>
<div class='log' id="Output-508186325">
Visibility of Twitter Logo = true<br/>
</div>
</td>
<td></td>
<td>0</td>
<td>testCases.Inventory_page_2_testcase@59402b8f</td></tr>
</table><p>
</body>
</html>