<?xml version="1.0" encoding="UTF-8"?>
<!-- Generated by org.testng.reporters.JUnitXMLReporter -->
<testsuite ignored="0" hostname="siddhilaxman" failures="0" tests="12" name="Priority_Test" time="82.621" errors="0" timestamp="2023-12-09T11:15:15 IST">
  <testcase classname="testCases.LoginPage_TestCase" name="verifyTitileOfApplicationTest" time="0.974"/>
  <testcase classname="testCases.LoginPage_TestCase" name="loginToApplicationTest" time="0.527"/>
  <testcase classname="testCases.LoginPage_TestCase" name="verifyURLOfApplication" time="0.064"/>
  <testcase classname="testCases.Inventory_page_2_testcase" name="FooterTest" time="0.057"/>
  <testcase classname="testCases.Inventory_page_2_testcase" name="LoginToYourCartTest" time="0.158"/>
  <testcase classname="testCases.Inventory_page_2_testcase" name="appLogoTest" time="0.054"/>
  <testcase classname="testCases.Inventory_page_2_testcase" name="verifyfacebookLogo" time="0.068"/>
  <testcase classname="testCases.Inventory_page_2_testcase" name="verifylinkedinLogoTest" time="0.061"/>
  <testcase classname="testCases.Inventory_page_2_testcase" name="verifytwitterLogoTest" time="0.063"/>
  <testcase classname="testCases.Inventory_page_2_testcase" name="add6ProductsTest" time="0.806"/>
  <testcase classname="testCases.Inventory_page_2_testcase" name="remove2PproductsTest" time="2.971"/>
  <testcase classname="testCases.Inventory_page_2_testcase" name="verifyproductsLabelTest" time="0.083"/>
</testsuite> <!-- Priority_Test -->
