<?xml version="1.0" encoding="UTF-8"?>
<!-- Generated by org.testng.reporters.JUnitXMLReporter -->
<testsuite ignored="0" hostname="siddhilaxman" failures="0" tests="3" name="Default test" time="26.98" errors="0" timestamp="2023-12-12T20:55:11 IST">
  <testcase classname="testCases.LoginPage_TestCase" name="verifyTitileOfApplicationTest" time="1.121"/>
  <testcase classname="testCases.LoginPage_TestCase" name="loginToApplicationTest" time="0.558"/>
  <testcase classname="testCases.LoginPage_TestCase" name="verifyURLOfApplication" time="0.07"/>
</testsuite> <!-- Default test -->
