<?xml version="1.0" encoding="UTF-8"?>
<!-- Generated by org.testng.reporters.JUnitXMLReporter -->
<testsuite ignored="0" hostname="siddhilaxman" failures="2" tests="13" name="Test" time="88.385" errors="0" timestamp="2023-12-05T18:22:26 IST">
  <testcase classname="testCases.LoginPage_TestCase" name="loginToApplicationTest" time="0.965">
    <failure type="java.lang.NullPointerException" message="Cannot invoke &amp;quot;org.apache.poi.ss.usermodel.Cell.getStringCellValue()&amp;quot; because the return value of &amp;quot;org.apache.poi.ss.usermodel.Row.getCell(int)&amp;quot; is null">
      <![CDATA[java.lang.NullPointerException: Cannot invoke "org.apache.poi.ss.usermodel.Cell.getStringCellValue()" because the return value of "org.apache.poi.ss.usermodel.Row.getCell(int)" is null
at utility.ReadData.readExcel(ReadData.java:24)
at testCases.LoginPage_TestCase.loginToApplicationTest(LoginPage_TestCase.java:43)
at java.base/java.util.ArrayList.forEach(ArrayList.java:1511)
... Removed 27 stack frames]]>
    </failure>
  </testcase> <!-- loginToApplicationTest -->
  <testcase classname="testCases.LoginPage_TestCase" name="verifyTitileOfApplicationTest" time="0.086"/>
  <testcase classname="testCases.LoginPage_TestCase" name="verifyURLOfApplication" time="0.078"/>
  <testcase classname="testCases.Inventory_page_2_testcase" name="FooterTest" time="0.058"/>
  <testcase classname="testCases.Inventory_page_2_testcase" name="LoginToYourCartTest" time="0.152"/>
  <testcase classname="testCases.Inventory_page_2_testcase" name="add6ProductsTest" time="0.809"/>
  <testcase classname="testCases.Inventory_page_2_testcase" name="appLogoTest" time="0.048"/>
  <testcase classname="testCases.Inventory_page_2_testcase" name="remove2PproductsTest" time="2.981">
    <failure type="java.lang.AssertionError" message="expected [4] but found [https://www.saucedemo.com/inventory.html]">
      <![CDATA[java.lang.AssertionError: expected [4] but found [https://www.saucedemo.com/inventory.html]
at testCases.Inventory_page_2_testcase.remove2PproductsTest(Inventory_page_2_testcase.java:87)
at java.base/java.util.ArrayList.forEach(ArrayList.java:1511)
... Removed 33 stack frames]]>
    </failure>
  </testcase> <!-- remove2PproductsTest -->
  <testcase classname="testCases.Inventory_page_2_testcase" name="verifyCartLogoTest" time="0.057"/>
  <testcase classname="testCases.Inventory_page_2_testcase" name="verifyfacebookLogo" time="0.055"/>
  <testcase classname="testCases.Inventory_page_2_testcase" name="verifylinkedinLogoTest" time="0.056"/>
  <testcase classname="testCases.Inventory_page_2_testcase" name="verifyproductsLabelTest" time="0.086"/>
  <testcase classname="testCases.Inventory_page_2_testcase" name="verifytwitterLogoTest" time="0.047"/>
</testsuite> <!-- Test -->
