<?xml version="1.0" encoding="UTF-8"?>
<!-- Generated by org.testng.reporters.JUnitXMLReporter -->
<testsuite ignored="11" hostname="siddhilaxman" failures="0" tests="2" name="Test(failed)" time="18.641" errors="0" timestamp="2023-12-05T18:25:16 IST">
  <testcase classname="testCases.Inventory_page_2_testcase" name="remove2PproductsTest" time="3.92"/>
  <testcase classname="testCases.LoginPage_TestCase" name="loginToApplicationTest" time="0.526"/>
  <testcase classname="testCases.Inventory_page_2_testcase" name="verifyfacebookLogo" time="0.0">
    <ignored/>
  </testcase> <!-- verifyfacebookLogo -->
  <testcase classname="testCases.Inventory_page_2_testcase" name="FooterTest" time="0.0">
    <ignored/>
  </testcase> <!-- FooterTest -->
  <testcase classname="testCases.Inventory_page_2_testcase" name="LoginToYourCartTest" time="0.0">
    <ignored/>
  </testcase> <!-- LoginToYourCartTest -->
  <testcase classname="testCases.Inventory_page_2_testcase" name="add6ProductsTest" time="0.0">
    <ignored/>
  </testcase> <!-- add6ProductsTest -->
  <testcase classname="testCases.Inventory_page_2_testcase" name="verifytwitterLogoTest" time="0.0">
    <ignored/>
  </testcase> <!-- verifytwitterLogoTest -->
  <testcase classname="testCases.Inventory_page_2_testcase" name="appLogoTest" time="0.0">
    <ignored/>
  </testcase> <!-- appLogoTest -->
  <testcase classname="testCases.Inventory_page_2_testcase" name="verifylinkedinLogoTest" time="0.0">
    <ignored/>
  </testcase> <!-- verifylinkedinLogoTest -->
  <testcase classname="testCases.LoginPage_TestCase" name="verifyTitileOfApplicationTest" time="0.0">
    <ignored/>
  </testcase> <!-- verifyTitileOfApplicationTest -->
  <testcase classname="testCases.Inventory_page_2_testcase" name="verifyCartLogoTest" time="0.0">
    <ignored/>
  </testcase> <!-- verifyCartLogoTest -->
  <testcase classname="testCases.LoginPage_TestCase" name="verifyURLOfApplication" time="0.0">
    <ignored/>
  </testcase> <!-- verifyURLOfApplication -->
  <testcase classname="testCases.Inventory_page_2_testcase" name="verifyproductsLabelTest" time="0.0">
    <ignored/>
  </testcase> <!-- verifyproductsLabelTest -->
</testsuite> <!-- Test(failed) -->
