<?xml version="1.0" encoding="UTF-8"?>
<testng-results ignored="0" total="1" passed="1" failed="0" skipped="0">
  <reporter-output>
  </reporter-output>
  <suite started-at="2023-12-21T15:56:58 IST" name="Default suite" finished-at="2023-12-21T15:57:07 IST" duration-ms="8414">
    <groups>
    </groups>
    <test started-at="2023-12-21T15:56:58 IST" name="Default test" finished-at="2023-12-21T15:57:07 IST" duration-ms="8414">
      <class name="testCases.VerifyMultipleCredentialsTest">
        <test-method is-config="true" signature="setup()[pri:0, instance:testCases.VerifyMultipleCredentialsTest@1e4d3ce5]" started-at="2023-12-21T15:56:58 IST" name="setup" finished-at="2023-12-21T15:57:06 IST" duration-ms="7618" status="PASS">
          <reporter-output>
          </reporter-output>
        </test-method> <!-- setup -->
        <test-method signature="loginToAppWithMultiCredsTest(java.lang.String,java.lang.String)[pri:0, instance:testCases.VerifyMultipleCredentialsTest@1e4d3ce5]" started-at="2023-12-21T15:57:06 IST" name="loginToAppWithMultiCredsTest" data-provider="Credentials" finished-at="2023-12-21T15:57:06 IST" duration-ms="521" status="PASS">
          <params>
            <param index="0">
              <value>
                <![CDATA[standard_user]]>
              </value>
            </param>
            <param index="1">
              <value>
                <![CDATA[secret_sauce]]>
              </value>
            </param>
          </params>
          <reporter-output>
          </reporter-output>
        </test-method> <!-- loginToAppWithMultiCredsTest -->
        <test-method is-config="true" signature="closeBrowser(org.testng.ITestResult)[pri:0, instance:testCases.VerifyMultipleCredentialsTest@1e4d3ce5]" started-at="2023-12-21T15:57:06 IST" name="closeBrowser" finished-at="2023-12-21T15:57:07 IST" duration-ms="200" status="PASS">
          <params>
            <param index="0">
              <value>
                <![CDATA[[TestResult name=loginToAppWithMultiCredsTest status=SUCCESS method=VerifyMultipleCredentialsTest.loginToAppWithMultiCredsTest(java.lang.String,java.lang.String)[pri:0, instance:testCases.VerifyMultipleCredentialsTest@1e4d3ce5] output={null}]]]>
              </value>
            </param>
          </params>
          <reporter-output>
          </reporter-output>
        </test-method> <!-- closeBrowser -->
      </class> <!-- testCases.VerifyMultipleCredentialsTest -->
    </test> <!-- Default test -->
  </suite> <!-- Default suite -->
</testng-results>
