<?xml version="1.0" encoding="UTF-8"?>
<!-- Generated by org.testng.reporters.JUnitXMLReporter -->
<testsuite ignored="9" hostname="siddhilaxman" failures="0" tests="3" name="Test_Group" time="21.321" errors="0" timestamp="2023-12-11T21:08:54 IST">
  <testcase classname="testCases.LoginPage_TestCase" name="verifyTitileOfApplicationTest" time="1.009"/>
  <testcase classname="testCases.LoginPage_TestCase" name="verifyURLOfApplication" time="0.068"/>
  <testcase classname="testCases.Inventory_page_2_testcase" name="verifyproductsLabelTest" time="0.106"/>
  <testcase classname="testCases.Inventory_page_2_testcase" name="LoginToYourCartTest" time="0.0">
    <ignored/>
  </testcase> <!-- LoginToYourCartTest -->
  <testcase classname="testCases.LoginPage_TestCase" name="loginToApplicationTest" time="0.0">
    <ignored/>
  </testcase> <!-- loginToApplicationTest -->
  <testcase classname="testCases.Inventory_page_2_testcase" name="verifylinkedinLogoTest" time="0.0">
    <ignored/>
  </testcase> <!-- verifylinkedinLogoTest -->
  <testcase classname="testCases.Inventory_page_2_testcase" name="add6ProductsTest" time="0.0">
    <ignored/>
  </testcase> <!-- add6ProductsTest -->
  <testcase classname="testCases.Inventory_page_2_testcase" name="remove2PproductsTest" time="0.0">
    <ignored/>
  </testcase> <!-- remove2PproductsTest -->
  <testcase classname="testCases.Inventory_page_2_testcase" name="appLogoTest" time="0.0">
    <ignored/>
  </testcase> <!-- appLogoTest -->
  <testcase classname="testCases.Inventory_page_2_testcase" name="verifyfacebookLogo" time="0.0">
    <ignored/>
  </testcase> <!-- verifyfacebookLogo -->
  <testcase classname="testCases.Inventory_page_2_testcase" name="verifytwitterLogoTest" time="0.0">
    <ignored/>
  </testcase> <!-- verifytwitterLogoTest -->
  <testcase classname="testCases.Inventory_page_2_testcase" name="FooterTest" time="0.0">
    <ignored/>
  </testcase> <!-- FooterTest -->
</testsuite> <!-- Test_Group -->
